[2022-06-21 12:22:59.988] [info] Loaded model compass_gait from file pointmass.osim
[2022-06-21 12:23:00.028] [warning] MarkerSet 'markerset' has subcomponents with duplicate name 'testMarker'. The duplicate is being renamed to 'testMarker_0'.
[2022-06-21 12:23:00.104] [cout] [info] Constructed class
[2022-06-21 12:23:00.134] [info] ========================================================================
[2022-06-21 12:23:00.134] [info] MocoCasADiSolver starting.
[2022-06-21 12:23:00.134] [info] 6/21/2022 12:23:00 PM
[2022-06-21 12:23:00.134] [info] ------------------------------------------------------------------------
[2022-06-21 12:23:00.134] [cout] [info] Costs: (total: 2)
[2022-06-21 12:23:00.134] [cout] [info]   Marker. MocoMarkerAccelerationGoal, enabled: true, mode: cost, weight: 1.0
[2022-06-21 12:23:00.134] [cout] [info]   CoordinateAcceleration. MocoCoordinateAccelerationGoal, enabled: true, mode: cost, weight: 1.0
[2022-06-21 12:23:00.134] [cout] [info] Endpoint constraints: none
[2022-06-21 12:23:00.134] [cout] [info] Kinematic constraints: none
[2022-06-21 12:23:00.134] [cout] [info] Path constraints: none
[2022-06-21 12:23:00.135] [cout] [info] States: (total: 2)
[2022-06-21 12:23:00.135] [cout] [info]   /slider/position/value. bounds: [0, 1] initial: 0 final: 1
[2022-06-21 12:23:00.135] [cout] [info]   /slider/position/speed. bounds: [-50, 50]
[2022-06-21 12:23:00.135] [cout] [info] Controls: (total: 1)
[2022-06-21 12:23:00.135] [cout] [info]   /actuator. bounds: [-50, 50]
[2022-06-21 12:23:00.135] [cout] [info] Parameters: none
[2022-06-21 12:23:00.352] [info] Number of threads: 36
[2022-06-21 12:23:17.515] [info] Set log level to Info.
[2022-06-21 12:23:17.516] [info] ------------------------------------------------------------------------
[2022-06-21 12:23:17.517] [info] Elapsed real time: 17 second(s).
[2022-06-21 12:23:17.517] [info] 6/21/2022 12:23:17 PM
[2022-06-21 12:23:17.517] [warning] MocoCasADiSolver did NOT succeed:
[2022-06-21 12:23:17.517] [warning]   User_Requested_Stop
[2022-06-21 12:23:17.517] [info] ========================================================================
[2022-06-21 12:36:06.343] [info] Loaded model compass_gait from file pointmass.osim
[2022-06-21 12:36:06.379] [warning] MarkerSet 'markerset' has subcomponents with duplicate name 'testMarker'. The duplicate is being renamed to 'testMarker_0'.
[2022-06-21 12:36:06.468] [cout] [info] Constructed class
[2022-06-21 12:36:06.504] [info] ========================================================================
[2022-06-21 12:36:06.504] [info] MocoCasADiSolver starting.
[2022-06-21 12:36:06.504] [info] 6/21/2022 12:36:06 PM
[2022-06-21 12:36:06.504] [info] ------------------------------------------------------------------------
[2022-06-21 12:36:06.504] [cout] [info] Costs: (total: 2)
[2022-06-21 12:36:06.504] [cout] [info]   Marker. MocoMarkerAccelerationGoal, enabled: true, mode: cost, weight: 1.0
[2022-06-21 12:36:06.504] [cout] [info]   CoordinateAcceleration. MocoCoordinateAccelerationGoal, enabled: true, mode: cost, weight: 1.0
[2022-06-21 12:36:06.504] [cout] [info] Endpoint constraints: none
[2022-06-21 12:36:06.504] [cout] [info] Kinematic constraints: none
[2022-06-21 12:36:06.504] [cout] [info] Path constraints: none
[2022-06-21 12:36:06.504] [cout] [info] States: (total: 2)
[2022-06-21 12:36:06.504] [cout] [info]   /slider/position/value. bounds: [0, 1] initial: 0 final: 1
[2022-06-21 12:36:06.504] [cout] [info]   /slider/position/speed. bounds: [-50, 50]
[2022-06-21 12:36:06.504] [cout] [info] Controls: (total: 1)
[2022-06-21 12:36:06.504] [cout] [info]   /actuator. bounds: [-50, 50]
[2022-06-21 12:36:06.504] [cout] [info] Parameters: none
[2022-06-21 12:36:06.655] [info] Number of threads: 36
[2022-06-21 12:38:44.182] [info] Set log level to Info.
[2022-06-21 12:38:44.184] [info] ------------------------------------------------------------------------
[2022-06-21 12:38:44.184] [info] Elapsed real time: 158 second(s) (2 minute(s), 38 second(s)).
[2022-06-21 12:38:44.184] [info] 6/21/2022 12:38:44 PM
[2022-06-21 12:38:44.184] [warning] MocoCasADiSolver did NOT succeed:
[2022-06-21 12:38:44.184] [warning]   User_Requested_Stop
[2022-06-21 12:38:44.184] [info] ========================================================================
[2022-06-21 12:39:59.659] [info] Loaded model compass_gait from file pointmass.osim
[2022-06-21 12:39:59.696] [warning] MarkerSet 'markerset' has subcomponents with duplicate name 'testMarker'. The duplicate is being renamed to 'testMarker_0'.
[2022-06-21 12:39:59.775] [cout] [info] Constructed class
[2022-06-21 12:39:59.801] [info] ========================================================================
[2022-06-21 12:39:59.801] [info] MocoCasADiSolver starting.
[2022-06-21 12:39:59.801] [info] 6/21/2022 12:39:59 PM
[2022-06-21 12:39:59.801] [info] ------------------------------------------------------------------------
[2022-06-21 12:39:59.801] [cout] [info] Costs: (total: 2)
[2022-06-21 12:39:59.801] [cout] [info]   Marker. MocoMarkerAccelerationGoal, enabled: true, mode: cost, weight: 1.0
[2022-06-21 12:39:59.801] [cout] [info]   CoordinateAcceleration. MocoCoordinateAccelerationGoal, enabled: true, mode: cost, weight: 1.0
[2022-06-21 12:39:59.801] [cout] [info] Endpoint constraints: none
[2022-06-21 12:39:59.801] [cout] [info] Kinematic constraints: none
[2022-06-21 12:39:59.801] [cout] [info] Path constraints: none
[2022-06-21 12:39:59.801] [cout] [info] States: (total: 2)
[2022-06-21 12:39:59.801] [cout] [info]   /slider/position/value. bounds: [0, 1] initial: 0 final: 1
[2022-06-21 12:39:59.801] [cout] [info]   /slider/position/speed. bounds: [-50, 50]
[2022-06-21 12:39:59.801] [cout] [info] Controls: (total: 1)
[2022-06-21 12:39:59.801] [cout] [info]   /actuator. bounds: [-50, 50]
[2022-06-21 12:39:59.801] [cout] [info] Parameters: none
[2022-06-21 12:39:59.946] [info] Number of threads: 36
[2022-06-21 12:40:10.177] [info] Set log level to Info.
[2022-06-21 12:40:10.179] [info] ------------------------------------------------------------------------
[2022-06-21 12:40:10.179] [info] Elapsed real time: 10 second(s).
[2022-06-21 12:40:10.179] [info] 6/21/2022 12:40:10 PM
[2022-06-21 12:40:10.179] [warning] MocoCasADiSolver did NOT succeed:
[2022-06-21 12:40:10.179] [warning]   Maximum_Iterations_Exceeded
[2022-06-21 12:40:10.179] [info] ========================================================================
